2026-03-25 11:49:08,873 - INFO - Job started
2026-03-25 11:49:08,874 - ERROR - argument of type 'NoneType' is not a container or iterable
2026-03-25 11:52:00,604 - INFO - Job started
2026-03-25 11:52:00,623 - INFO - Config loaded: {'seed': 42, 'window': 5, 'version': 'v1'}
2026-03-25 11:52:00,655 - INFO - Rows loaded: 10
2026-03-25 11:52:00,660 - INFO - Processing completed
2026-03-25 11:52:00,661 - INFO - Metrics: {'version': 'v1', 'rows_processed': 10, 'metric': 'signal_rate', 'value': np.float64(0.6), 'latency_ms': 57, 'seed': 42, 'status': 'success'}
2026-03-25 11:52:00,661 - INFO - Job completed successfully
2026-03-25 12:06:29,080 - INFO - Job started
2026-03-25 12:06:29,081 - INFO - Config loaded: {'seed': 42, 'window': 5, 'version': 'v1'}
2026-03-25 12:06:29,104 - INFO - Rows loaded: 10
2026-03-25 12:06:29,106 - INFO - Processing completed
2026-03-25 12:06:29,107 - INFO - Metrics: {'version': 'v1', 'rows_processed': 10, 'metric': 'signal_rate', 'value': np.float64(0.6), 'latency_ms': 25, 'seed': 42, 'status': 'success'}
2026-03-25 12:06:29,107 - INFO - Job completed successfully
2026-03-25 12:11:02,749 - INFO - Job started
2026-03-25 12:11:02,750 - INFO - Config loaded: {'seed': 42, 'window': 5, 'version': 'v1'}
2026-03-25 12:11:02,754 - INFO - Rows loaded: 10
2026-03-25 12:11:02,757 - INFO - Processing completed
2026-03-25 12:11:02,758 - INFO - Metrics: {'version': 'v1', 'rows_processed': 6, 'metric': 'signal_rate', 'value': np.float64(1.0), 'latency_ms': 8, 'seed': 42, 'status': 'success'}
2026-03-25 12:11:02,758 - INFO - Job completed successfully
2026-03-25 12:19:49,562 - INFO - Job started
2026-03-25 12:19:49,562 - INFO - Config loaded successfully: seed=42, window=5, version=v1
2026-03-25 12:19:49,566 - INFO - Dataset loaded with 10 rows
2026-03-25 12:19:49,568 - INFO - Starting rolling mean calculation
2026-03-25 12:19:49,568 - INFO - Signal generation completed
2026-03-25 12:19:49,568 - INFO - Final metrics: {'version': 'v1', 'rows_processed': 6, 'metric': 'signal_rate', 'value': np.float64(1.0), 'latency_ms': 6, 'seed': 42, 'status': 'success'}
2026-03-25 12:19:49,568 - INFO - Job completed successfully
2026-03-25 12:22:33,978 - INFO - Job started
2026-03-25 12:22:33,979 - INFO - Config loaded successfully: seed=42, window=5, version=v1
2026-03-25 12:22:33,982 - INFO - Dataset loaded with 10 rows
2026-03-25 12:22:33,983 - INFO - Starting rolling mean calculation
2026-03-25 12:22:33,985 - INFO - Signal generation completed
2026-03-25 12:22:33,986 - INFO - Final metrics: {'version': 'v1', 'rows_processed': 6, 'metric': 'signal_rate', 'value': np.float64(1.0), 'latency_ms': 7, 'seed': 42, 'status': 'success'}
2026-03-25 12:22:33,986 - INFO - Job completed successfully
